    正在创建库 D:\openGL\demo\GameDemo\Release\GameDemo.lib 和对象 D:\openGL\demo\GameDemo\Release\GameDemo.exp
AnimaModelLoader.obj : error LNK2001: 无法解析的外部符号 "public: char const * __thiscall Assimp::Importer::GetErrorString(void)const " (?GetErrorString@Importer@Assimp@@QBEPBDXZ)
AnimaModelLoader.obj : error LNK2001: 无法解析的外部符号 "public: struct aiScene const * __thiscall Assimp::Importer::ReadFile(char const *,unsigned int)" (?ReadFile@Importer@Assimp@@QAEPBUaiScene@@PBDI@Z)
AnimaModelLoader.obj : error LNK2001: 无法解析的外部符号 "public: __thiscall Assimp::Importer::~Importer(void)" (??1Importer@Assimp@@QAE@XZ)
AnimaModelLoader.obj : error LNK2001: 无法解析的外部符号 "public: __thiscall Assimp::Importer::Importer(void)" (??0Importer@Assimp@@QAE@XZ)
Camera.obj : error LNK2001: 无法解析的外部符号 _glfwGetKey
Camera.obj : error LNK2001: 无法解析的外部符号 _glfwGetCurrentContext
DisplayManager.obj : error LNK2001: 无法解析的外部符号 _glfwTerminate
DisplayManager.obj : error LNK2001: 无法解析的外部符号 _glfwMakeContextCurrent
DisplayManager.obj : error LNK2001: 无法解析的外部符号 _glewExperimental
DisplayManager.obj : error LNK2001: 无法解析的外部符号 _glewInit@0
Grasses.obj : error LNK2001: 无法解析的外部符号 __imp____glewEnableVertexAttribArray
Grasses.obj : error LNK2001: 无法解析的外部符号 __imp____glewBindVertexArray
Grasses.obj : error LNK2001: 无法解析的外部符号 __imp____glewUseProgram
Grasses.obj : error LNK2001: 无法解析的外部符号 __imp____glewVertexAttribPointer
Grasses.obj : error LNK2001: 无法解析的外部符号 __imp____glewBindBuffer
Grasses.obj : error LNK2001: 无法解析的外部符号 __imp____glewDrawArraysIndirect
Grasses.obj : error LNK2001: 无法解析的外部符号 _glfwGetTime
Grasses.obj : error LNK2001: 无法解析的外部符号 __imp____glewUniform1i
Grasses.obj : error LNK2001: 无法解析的外部符号 __imp____glewDispatchCompute
Grasses.obj : error LNK2001: 无法解析的外部符号 __imp____glewUniform1f
Grasses.obj : error LNK2001: 无法解析的外部符号 __imp____glewGetUniformLocation
Grasses.obj : error LNK2001: 无法解析的外部符号 __imp____glewBufferData
Grasses.obj : error LNK2001: 无法解析的外部符号 __imp____glewActiveTexture
Grasses.obj : error LNK2001: 无法解析的外部符号 __imp____glewGenVertexArrays
Grasses.obj : error LNK2001: 无法解析的外部符号 __imp____glewBindBufferBase
Grasses.obj : error LNK2001: 无法解析的外部符号 __imp____glewGenBuffers
Grasses.obj : error LNK2001: 无法解析的外部符号 __imp____glewPatchParameteri
Grasses.obj : error LNK2001: 无法解析的外部符号 __imp____glewMemoryBarrier
GrassesShader.obj : error LNK2001: 无法解析的外部符号 __imp____glewCompileShader
GrassesShader.obj : error LNK2001: 无法解析的外部符号 __imp____glewCreateShader
GrassesShader.obj : error LNK2001: 无法解析的外部符号 __imp____glewCreateProgram
GrassesShader.obj : error LNK2001: 无法解析的外部符号 __imp____glewAttachShader
GrassesShader.obj : error LNK2001: 无法解析的外部符号 __imp____glewShaderSource
GrassesShader.obj : error LNK2001: 无法解析的外部符号 __imp____glewDeleteShader
GrassesShader.obj : error LNK2001: 无法解析的外部符号 __imp____glewLinkProgram
GuiRenderer.obj : error LNK2001: 无法解析的外部符号 __imp____glewDisableVertexAttribArray
GuiShader.obj : error LNK2001: 无法解析的外部符号 ___glewValidateProgram
GuiShader.obj : error LNK2001: 无法解析的外部符号 ___glewLinkProgram
KinectGame.obj : error LNK2001: 无法解析的外部符号 _GetDefaultKinectSensor@4
Loader.obj : error LNK2001: 无法解析的外部符号 ___glewBindVertexArray
Loader.obj : error LNK2001: 无法解析的外部符号 ___glewVertexAttribPointer
Loader.obj : error LNK2001: 无法解析的外部符号 ___glewBindBuffer
Loader.obj : error LNK2001: 无法解析的外部符号 ___glewBufferData
Loader.obj : error LNK2001: 无法解析的外部符号 ___glewGenVertexArrays
Loader.obj : error LNK2001: 无法解析的外部符号 ___glewGenBuffers
Loader.obj : error LNK2001: 无法解析的外部符号 ___glewGenerateMipmap
main.obj : error LNK2001: 无法解析的外部符号 _glfwSwapBuffers
main.obj : error LNK2001: 无法解析的外部符号 ___glewEnableVertexAttribArray
main.obj : error LNK2001: 无法解析的外部符号 ___glewUseProgram
main.obj : error LNK2001: 无法解析的外部符号 _glfwSetFramebufferSizeCallback
main.obj : error LNK2001: 无法解析的外部符号 ___glewGetShaderiv
main.obj : error LNK2001: 无法解析的外部符号 ___glewCompileShader
main.obj : error LNK2001: 无法解析的外部符号 ___glewCreateShader
main.obj : error LNK2001: 无法解析的外部符号 ___glewCreateProgram
main.obj : error LNK2001: 无法解析的外部符号 ___glewUniform1i
main.obj : error LNK2001: 无法解析的外部符号 ___glewGetShaderInfoLog
main.obj : error LNK2001: 无法解析的外部符号 ___glewBufferSubData
main.obj : error LNK2001: 无法解析的外部符号 ___glewGetProgramiv
main.obj : error LNK2001: 无法解析的外部符号 _glfwPollEvents
main.obj : error LNK2001: 无法解析的外部符号 _glfwInit
main.obj : error LNK2001: 无法解析的外部符号 _glfwSetWindowShouldClose
main.obj : error LNK2001: 无法解析的外部符号 ___glewUniform1f
main.obj : error LNK2001: 无法解析的外部符号 _glfwCreateWindow
main.obj : error LNK2001: 无法解析的外部符号 _glfwWindowHint
main.obj : error LNK2001: 无法解析的外部符号 ___glewGetUniformLocation
main.obj : error LNK2001: 无法解析的外部符号 ___glewAttachShader
main.obj : error LNK2001: 无法解析的外部符号 ___glewActiveTexture
main.obj : error LNK2001: 无法解析的外部符号 ___glewShaderSource
main.obj : error LNK2001: 无法解析的外部符号 ___glewBindBufferBase
main.obj : error LNK2001: 无法解析的外部符号 ___glewUniformMatrix4fv
main.obj : error LNK2001: 无法解析的外部符号 ___glewDetachShader
main.obj : error LNK2001: 无法解析的外部符号 ___glewGetProgramInfoLog
main.obj : error LNK2001: 无法解析的外部符号 ___glewUniform3f
main.obj : error LNK2001: 无法解析的外部符号 ___glewDeleteShader
main.obj : error LNK2001: 无法解析的外部符号 _glfwWindowShouldClose
main.obj : error LNK2001: 无法解析的外部符号 ___glewUniform3fv
EntityRenderer.obj : error LNK2001: 无法解析的外部符号 ___glewDisableVertexAttribArray
ShaderProgram.obj : error LNK2001: 无法解析的外部符号 ___glewBindAttribLocation
ShaderProgram.obj : error LNK2001: 无法解析的外部符号 ___glewDeleteProgram
ShaderProgram.obj : error LNK2001: 无法解析的外部符号 ___glewUniform4f
ShadowFrameBuffer.obj : error LNK2001: 无法解析的外部符号 ___glewFramebufferTexture
ShadowFrameBuffer.obj : error LNK2001: 无法解析的外部符号 ___glewDeleteFramebuffers
ShadowFrameBuffer.obj : error LNK2001: 无法解析的外部符号 ___glewGenFramebuffers
ShadowFrameBuffer.obj : error LNK2001: 无法解析的外部符号 ___glewBindFramebuffer
WaterFrameBuffers.obj : error LNK2001: 无法解析的外部符号 ___glewRenderbufferStorage
WaterFrameBuffers.obj : error LNK2001: 无法解析的外部符号 ___glewDeleteRenderbuffers
WaterFrameBuffers.obj : error LNK2001: 无法解析的外部符号 ___glewFramebufferRenderbuffer
WaterFrameBuffers.obj : error LNK2001: 无法解析的外部符号 ___glewBindRenderbuffer
WaterFrameBuffers.obj : error LNK2001: 无法解析的外部符号 ___glewGenRenderbuffers
D:\openGL\demo\GameDemo\Release\GameDemo.exe : fatal error LNK1120: 89 个无法解析的外部命令
